<?xml version="1.0" encoding="UTF-8"?>
<!-- Generated by org.testng.reporters.JUnitReportReporter -->
<testsuite hostname="LAPTOP-LB302OQG" failures="0" tests="1" name="selenium.basic.alerthandling.AlertCommands" time="25.142" errors="0" timestamp="2024-07-19T07:59:40 IST" skipped="0">
  <testcase classname="selenium.basic.alerthandling.AlertCommands" name="AlertHandling" time="25.142"/>
</testsuite> <!-- selenium.basic.alerthandling.AlertCommands -->
