<?xml version="1.0" encoding="UTF-8"?>
<!-- Generated by org.testng.reporters.JUnitReportReporter -->
<testsuite hostname="LAPTOP-LB302OQG" failures="0" tests="4" name="selenium.project.LearnEnabled" time="0.013" errors="0" timestamp="2024-07-19T08:14:50 IST" skipped="2">
  <testcase classname="selenium.project.LearnEnabled" name="editLead" time="0.004"/>
  <testcase classname="selenium.project.LearnEnabled" name="duplicateLead" time="0.009"/>
  <testcase classname="selenium.project.LearnEnabled" name="deletelead">
    <skipped/>
  </testcase> <!-- deletelead -->
  <testcase classname="selenium.project.LearnEnabled" name="creatLead">
    <skipped/>
  </testcase> <!-- creatLead -->
</testsuite> <!-- selenium.project.LearnEnabled -->
