<?xml version="1.0" encoding="UTF-8"?>
<!-- Generated by org.testng.reporters.JUnitReportReporter -->
<testsuite hostname="LAPTOP-LB302OQG" failures="0" tests="11" name="selenium.project.LearnPriority" time="0.028" errors="0" timestamp="2024-07-19T08:17:51 IST" skipped="0">
  <testcase classname="selenium.project.LearnPriority" name="duplicateLead" time="0.006"/>
  <testcase classname="selenium.project.LearnPriority" name="deletelead" time="0.002"/>
  <testcase classname="selenium.project.LearnPriority" name="aeletelead" time="0.003"/>
  <testcase classname="selenium.project.LearnPriority" name="editLead" time="0.001"/>
  <testcase classname="selenium.project.LearnPriority" name="editLead" time="0.002"/>
  <testcase classname="selenium.project.LearnPriority" name="editLead" time="0.002"/>
  <testcase classname="selenium.project.LearnPriority" name="editLead" time="0.002"/>
  <testcase classname="selenium.project.LearnPriority" name="editLead" time="0.002"/>
  <testcase classname="selenium.project.LearnPriority" name="editLead" time="0.002"/>
  <testcase classname="selenium.project.LearnPriority" name="editLead" time="0.004"/>
  <testcase classname="selenium.project.LearnPriority" name="creatLead" time="0.002"/>
</testsuite> <!-- selenium.project.LearnPriority -->
