<?xml version="1.0" encoding="UTF-8"?>
<!-- Generated by org.testng.reporters.JUnitReportReporter -->
<testsuite hostname="LAPTOP-LB302OQG" failures="0" tests="2" name="selenium.project.v2.CreateLead" time="25.092" errors="0" timestamp="2024-07-20T08:31:59 IST" skipped="0">
  <testcase classname="selenium.project.v2.CreateLead" name="runCreate" time="12.689"/>
  <testcase classname="selenium.project.v2.CreateLead" name="runCreate" time="12.403"/>
</testsuite> <!-- selenium.project.v2.CreateLead -->
