<?xml version="1.0" encoding="UTF-8"?>
<!-- Generated by org.testng.reporters.JUnitReportReporter -->
<testsuite hostname="LAPTOP-LB302OQG" failures="0" tests="4" name="selenium.project.v3.CreateLead" time="46.672" errors="0" timestamp="2024-07-23T07:52:19 IST" skipped="0">
  <testcase classname="selenium.project.v3.CreateLead" name="runCreate" time="12.079"/>
  <testcase classname="selenium.project.v3.CreateLead" name="runCreate" time="11.328"/>
  <testcase classname="selenium.project.v3.CreateLead" name="runCreate" time="11.605"/>
  <testcase classname="selenium.project.v3.CreateLead" name="runCreate" time="11.660"/>
</testsuite> <!-- selenium.project.v3.CreateLead -->
