<?xml version="1.0" encoding="UTF-8"?>
<!-- Generated by org.testng.reporters.JUnitReportReporter -->
<testsuite hostname="LAPTOP-LB302OQG" failures="0" tests="2" name="selenium.testng.features.LearnGroups" time="0.011" errors="0" timestamp="2024-07-20T08:12:40 IST" skipped="0">
  <testcase classname="selenium.testng.features.LearnGroups" name="signUp" time="0.002"/>
  <testcase classname="selenium.testng.features.LearnGroups" name="addToCart" time="0.009"/>
</testsuite> <!-- selenium.testng.features.LearnGroups -->
